2025-04-26 22:09:30,607 - INFO - VÈrification des dÈpendances...
2025-04-26 22:09:30,608 - INFO - CrÈation de la structure de base...
2025-04-26 22:09:30,615 - INFO - Structure de base crÈÈe avec succËs.
2025-04-26 22:09:30,615 - INFO - DÈbut de la migration depuis BROL-DOC vers LE-REFUGE...
2025-04-26 22:09:32,718 - INFO - Migration terminÈe avec succËs.
2025-04-26 22:09:32,718 - INFO - Configuration du moteur de recherche...
2025-04-26 22:09:32,850 - INFO - Moteur de recherche configurÈ avec succËs.
2025-04-26 22:09:32,851 - INFO - CrÈation du fichier de configuration...
2025-04-26 22:09:32,852 - INFO - Fichier de configuration crÈÈ avec succËs.
2025-04-26 22:09:32,852 - INFO - Nettoyage des dossiers vides et inutiles...
2025-04-26 22:09:32,854 - INFO - Dossier vide supprimÈ: LE-REFUGE\EXPLORATION\ARCHIVES
2025-04-26 22:09:32,856 - INFO - Dossier vide supprimÈ: LE-REFUGE\OUTILS\SCRIPTS
2025-04-26 22:09:32,857 - INFO - Nettoyage terminÈ. 2 dossiers vides supprimÈs.
2025-04-26 22:09:32,857 - INFO - DÈtection des fichiers en doublon...
2025-04-26 22:09:37,588 - ERROR - Erreur lors du calcul de similaritÈ entre LE-REFUGE\config.json et LE-REFUGE\RESSOURCES\DOCUMENTS\alphabet.txt: 'utf-8' codec can't decode byte 0xe9 in position 18: invalid continuation byte
2025-04-26 22:09:46,431 - ERROR - Erreur lors du calcul de similaritÈ entre LE-REFUGE\INDEX.md et LE-REFUGE\RESSOURCES\DOCUMENTS\alphabet.txt: 'utf-8' codec can't decode byte 0xe9 in position 18: invalid continuation byte
2025-04-26 22:12:03,306 - INFO - V√©rification des d√©pendances...
2025-04-26 22:12:03,306 - INFO - Cr√©ation de la structure de base...
2025-04-26 22:12:03,310 - INFO - Structure de base cr√©√©e avec succ√®s.
2025-04-26 22:12:03,310 - INFO - D√©but de la migration depuis BROL-DOC vers LE-REFUGE...
2025-04-26 22:12:05,320 - INFO - Migration termin√©e avec succ√®s.
2025-04-26 22:12:05,321 - INFO - Configuration du moteur de recherche...
2025-04-26 22:12:05,465 - INFO - Moteur de recherche configur√© avec succ√®s.
2025-04-26 22:12:05,465 - INFO - Cr√©ation du fichier de configuration...
2025-04-26 22:12:05,466 - INFO - Fichier de configuration cr√©√© avec succ√®s.
2025-04-26 22:12:05,466 - INFO - Nettoyage des dossiers vides et inutiles...
2025-04-26 22:12:05,468 - INFO - Dossier vide supprim√©: LE-REFUGE\EXPLORATION\ARCHIVES
2025-04-26 22:12:05,469 - INFO - Dossier vide supprim√©: LE-REFUGE\OUTILS\SCRIPTS
2025-04-26 22:12:05,470 - INFO - Nettoyage termin√©. 2 dossiers vides supprim√©s.
2025-04-26 22:12:05,470 - INFO - D√©tection des fichiers en doublon...
2025-04-26 22:38:55,705 - INFO - V√©rification des d√©pendances...
2025-04-26 22:38:55,706 - INFO - Cr√©ation de la structure de base...
2025-04-26 22:38:55,710 - INFO - Structure de base cr√©√©e avec succ√®s.
2025-04-26 22:38:55,710 - INFO - Configuration du moteur de recherche...
2025-04-26 22:38:55,859 - INFO - Moteur de recherche configur√© avec succ√®s.
2025-04-26 22:38:55,859 - INFO - Cr√©ation du fichier de configuration...
2025-04-26 22:38:55,860 - INFO - Fichier de configuration cr√©√© avec succ√®s.
2025-04-26 22:38:55,860 - INFO - Nettoyage des dossiers vides et inutiles...
2025-04-26 22:38:55,862 - INFO - Dossier vide supprim√©: LE-REFUGE\EXPLORATION\ARCHIVES
2025-04-26 22:38:55,864 - INFO - Dossier vide supprim√©: LE-REFUGE\OUTILS\SCRIPTS
2025-04-26 22:38:55,865 - INFO - Nettoyage termin√©. 2 dossiers vides supprim√©s.
2025-04-26 22:38:55,865 - INFO - D√©tection des fichiers en doublon...
